==== cmss9 ====
c:/texlive/2025/texmf-dist/fonts/tfm/public/cm/cmss9.tfm
c:/texlive/2025/texmf-dist/fonts/type1/public/amsfonts/cm/cmss9.pfb
==== cmmib9 ====
c:/texlive/2025/texmf-dist/fonts/tfm/public/amsfonts/cmextra/cmmib9.tfm
c:/texlive/2025/texmf-dist/fonts/type1/public/amsfonts/cmextra/cmmib9.pfb
==== eufm6 ====
c:/texlive/2025/texmf-dist/fonts/tfm/public/amsfonts/euler/eufm6.tfm
==== ecrb0900 ====
c:/texlive/2025/texmf-dist/fonts/tfm/jknappen/ec/ecrb0900.tfm
==== ecti0900 ====
c:/texlive/2025/texmf-dist/fonts/tfm/jknappen/ec/ecti0900.tfm
==== ecrb1728 ====
c:/texlive/2025/texmf-dist/fonts/tfm/jknappen/ec/ecrb1728.tfm
==== eufm5 ====
c:/texlive/2025/texmf-dist/fonts/tfm/public/amsfonts/euler/eufm5.tfm
c:/texlive/2025/texmf-dist/fonts/type1/public/amsfonts/euler/eufm5.pfb
==== cmss8 ====
c:/texlive/2025/texmf-dist/fonts/tfm/public/cm/cmss8.tfm
c:/texlive/2025/texmf-dist/fonts/type1/public/amsfonts/cm/cmss8.pfb
==== cmssbx10 ====
c:/texlive/2025/texmf-dist/fonts/tfm/public/cm/cmssbx10.tfm
c:/texlive/2025/texmf-dist/fonts/type1/public/amsfonts/cm/cmssbx10.pfb
==== cmmib7 ====
c:/texlive/2025/texmf-dist/fonts/tfm/public/amsfonts/cmextra/cmmib7.tfm
c:/texlive/2025/texmf-dist/fonts/type1/public/amsfonts/cmextra/cmmib7.pfb
==== cmmib10 ====
c:/texlive/2025/texmf-dist/fonts/tfm/public/cm/cmmib10.tfm
c:/texlive/2025/texmf-dist/fonts/type1/public/amsfonts/cm/cmmib10.pfb
==== cmsy8 ====
c:/texlive/2025/texmf-dist/fonts/tfm/public/cm/cmsy8.tfm
c:/texlive/2025/texmf-dist/fonts/type1/public/amsfonts/cm/cmsy8.pfb
==== cmsy10 ====
c:/texlive/2025/texmf-dist/fonts/tfm/public/cm/cmsy10.tfm
c:/texlive/2025/texmf-dist/fonts/type1/public/amsfonts/cm/cmsy10.pfb
==== cmr8 ====
c:/texlive/2025/texmf-dist/fonts/tfm/public/cm/cmr8.tfm
c:/texlive/2025/texmf-dist/fonts/type1/public/amsfonts/cm/cmr8.pfb
==== cmex7 ====
c:/texlive/2025/texmf-dist/fonts/tfm/public/amsfonts/cmextra/cmex7.tfm
c:/texlive/2025/texmf-dist/fonts/type1/public/amsfonts/cmextra/cmex7.pfb
==== cmsy6 ====
c:/texlive/2025/texmf-dist/fonts/tfm/public/cm/cmsy6.tfm
c:/texlive/2025/texmf-dist/fonts/type1/public/amsfonts/cm/cmsy6.pfb
==== eufm9 ====
c:/texlive/2025/texmf-dist/fonts/tfm/public/amsfonts/euler/eufm9.tfm
==== cmr6 ====
c:/texlive/2025/texmf-dist/fonts/tfm/public/cm/cmr6.tfm
c:/texlive/2025/texmf-dist/fonts/type1/public/amsfonts/cm/cmr6.pfb
==== msam10 ====
c:/texlive/2025/texmf-dist/fonts/tfm/public/amsfonts/symbols/msam10.tfm
c:/texlive/2025/texmf-dist/fonts/type1/public/amsfonts/symbols/msam10.pfb
==== cmr9 ====
c:/texlive/2025/texmf-dist/fonts/tfm/public/cm/cmr9.tfm
c:/texlive/2025/texmf-dist/fonts/type1/public/amsfonts/cm/cmr9.pfb
==== cmex9 ====
c:/texlive/2025/texmf-dist/fonts/tfm/public/amsfonts/cmextra/cmex9.tfm
c:/texlive/2025/texmf-dist/fonts/type1/public/amsfonts/cmextra/cmex9.pfb
==== cmmi6 ====
c:/texlive/2025/texmf-dist/fonts/tfm/public/cm/cmmi6.tfm
c:/texlive/2025/texmf-dist/fonts/type1/public/amsfonts/cm/cmmi6.pfb
==== line10 ====
c:/texlive/2025/texmf-dist/fonts/tfm/public/latex-fonts/line10.tfm
c:/texlive/2025/texmf-dist/fonts/type1/public/amsfonts/latxfont/line10.pfb
==== cmsy9 ====
c:/texlive/2025/texmf-dist/fonts/tfm/public/cm/cmsy9.tfm
c:/texlive/2025/texmf-dist/fonts/type1/public/amsfonts/cm/cmsy9.pfb
==== cmmi9 ====
c:/texlive/2025/texmf-dist/fonts/tfm/public/cm/cmmi9.tfm
c:/texlive/2025/texmf-dist/fonts/type1/public/amsfonts/cm/cmmi9.pfb
==== eufm7 ====
c:/texlive/2025/texmf-dist/fonts/tfm/public/amsfonts/euler/eufm7.tfm
c:/texlive/2025/texmf-dist/fonts/type1/public/amsfonts/euler/eufm7.pfb
==== cmbx10 ====
c:/texlive/2025/texmf-dist/fonts/tfm/public/cm/cmbx10.tfm
c:/texlive/2025/texmf-dist/fonts/type1/public/amsfonts/cm/cmbx10.pfb
==== msbm7 ====
c:/texlive/2025/texmf-dist/fonts/tfm/public/amsfonts/symbols/msbm7.tfm
c:/texlive/2025/texmf-dist/fonts/type1/public/amsfonts/symbols/msbm7.pfb
==== cmr5 ====
c:/texlive/2025/texmf-dist/fonts/tfm/public/cm/cmr5.tfm
c:/texlive/2025/texmf-dist/fonts/type1/public/amsfonts/cm/cmr5.pfb
==== eufm10 ====
c:/texlive/2025/texmf-dist/fonts/tfm/public/amsfonts/euler/eufm10.tfm
c:/texlive/2025/texmf-dist/fonts/type1/public/amsfonts/euler/eufm10.pfb
==== ecrm0800 ====
c:/texlive/2025/texmf-dist/fonts/tfm/jknappen/ec/ecrm0800.tfm
==== ecrm0600 ====
c:/texlive/2025/texmf-dist/fonts/tfm/jknappen/ec/ecrm0600.tfm
==== ecrm0700 ====
c:/texlive/2025/texmf-dist/fonts/tfm/jknappen/ec/ecrm0700.tfm
==== msbm5 ====
c:/texlive/2025/texmf-dist/fonts/tfm/public/amsfonts/symbols/msbm5.tfm
c:/texlive/2025/texmf-dist/fonts/type1/public/amsfonts/symbols/msbm5.pfb
==== lcircle10 ====
c:/texlive/2025/texmf-dist/fonts/tfm/public/latex-fonts/lcircle10.tfm
==== msbm10 ====
c:/texlive/2025/texmf-dist/fonts/tfm/public/amsfonts/symbols/msbm10.tfm
c:/texlive/2025/texmf-dist/fonts/type1/public/amsfonts/symbols/msbm10.pfb
==== cmmi5 ====
c:/texlive/2025/texmf-dist/fonts/tfm/public/cm/cmmi5.tfm
c:/texlive/2025/texmf-dist/fonts/type1/public/amsfonts/cm/cmmi5.pfb
==== cmsy5 ====
c:/texlive/2025/texmf-dist/fonts/tfm/public/cm/cmsy5.tfm
c:/texlive/2025/texmf-dist/fonts/type1/public/amsfonts/cm/cmsy5.pfb
==== cmss10 ====
c:/texlive/2025/texmf-dist/fonts/tfm/public/cm/cmss10.tfm
c:/texlive/2025/texmf-dist/fonts/type1/public/amsfonts/cm/cmss10.pfb
==== msam6 ====
c:/texlive/2025/texmf-dist/fonts/tfm/public/amsfonts/symbols/msam6.tfm
c:/texlive/2025/texmf-dist/fonts/type1/public/amsfonts/symbols/msam6.pfb
==== cmex10 ====
c:/texlive/2025/texmf-dist/fonts/tfm/public/cm/cmex10.tfm
c:/texlive/2025/texmf-dist/fonts/type1/public/amsfonts/cm/cmex10.pfb
==== ecti1000 ====
c:/texlive/2025/texmf-dist/fonts/tfm/jknappen/ec/ecti1000.tfm
==== eccc1000 ====
c:/texlive/2025/texmf-dist/fonts/tfm/jknappen/ec/eccc1000.tfm
==== ecrb1200 ====
c:/texlive/2025/texmf-dist/fonts/tfm/jknappen/ec/ecrb1200.tfm
==== cmr10 ====
c:/texlive/2025/texmf-dist/fonts/tfm/public/cm/cmr10.tfm
c:/texlive/2025/texmf-dist/fonts/type1/public/amsfonts/cm/cmr10.pfb
==== cmr7 ====
c:/texlive/2025/texmf-dist/fonts/tfm/public/cm/cmr7.tfm
c:/texlive/2025/texmf-dist/fonts/type1/public/amsfonts/cm/cmr7.pfb
==== cmmi10 ====
c:/texlive/2025/texmf-dist/fonts/tfm/public/cm/cmmi10.tfm
c:/texlive/2025/texmf-dist/fonts/type1/public/amsfonts/cm/cmmi10.pfb
==== cmmi7 ====
c:/texlive/2025/texmf-dist/fonts/tfm/public/cm/cmmi7.tfm
c:/texlive/2025/texmf-dist/fonts/type1/public/amsfonts/cm/cmmi7.pfb
==== ecrm0900 ====
c:/texlive/2025/texmf-dist/fonts/tfm/jknappen/ec/ecrm0900.tfm
==== cmsy7 ====
c:/texlive/2025/texmf-dist/fonts/tfm/public/cm/cmsy7.tfm
c:/texlive/2025/texmf-dist/fonts/type1/public/amsfonts/cm/cmsy7.pfb
==== ecrb1000 ====
c:/texlive/2025/texmf-dist/fonts/tfm/jknappen/ec/ecrb1000.tfm
==== ecrm1000 ====
c:/texlive/2025/texmf-dist/fonts/tfm/jknappen/ec/ecrm1000.tfm
==== ecrb2488 ====
c:/texlive/2025/texmf-dist/fonts/tfm/jknappen/ec/ecrb2488.tfm
==== ecrb1440 ====
c:/texlive/2025/texmf-dist/fonts/tfm/jknappen/ec/ecrb1440.tfm